<?xml version="1.0" encoding="utf-8"?><testsuites name="pytest tests"><testsuite name="pytest" errors="0" failures="0" skipped="0" tests="15" time="0.117" timestamp="2025-10-23T12:48:08.365473+00:00" hostname="b2bc289a1425"><testcase classname="tests.unit.test_security_rbac" name="test_assign_and_revoke_role_permissions" time="0.002" /><testcase classname="tests.unit.test_security_rbac" name="test_direct_user_permissions_override_roles" time="0.001" /><testcase classname="tests.unit.test_security_rbac" name="test_permission_checks_across_multiple_roles" time="0.001" /><testcase classname="tests.unit.test_security_rbac" name="test_role_queries_and_summary" time="0.001" /><testcase classname="tests.unit.test_security_rbac" name="test_get_permissions_for_unknown_role_returns_empty" time="0.001" /><testcase classname="tests.unit.test_security_auth" name="test_create_and_verify_key_updates_last_used" time="0.004" /><testcase classname="tests.unit.test_security_auth" name="test_verify_key_handles_inactive_and_expired" time="0.003" /><testcase classname="tests.unit.test_security_auth" name="test_list_keys_for_user_and_cleanup_expired" time="0.004" /><testcase classname="tests.unit.test_security_auth" name="test_revoke_key_returns_false_for_unknown" time="0.001" /><testcase classname="tests.unit.test_security_auth" name="test_save_keys_logs_errors" time="0.002" /><testcase classname="tests.unit.test_security_auth" name="test_load_keys_logs_errors" time="0.002" /><testcase classname="tests.unit.test_security_auth" name="test_get_key_stats" time="0.003" /><testcase classname="tests.unit.test_security_auth" name="test_jwt_manager_requires_dependency" time="0.001" /><testcase classname="tests.unit.test_security_auth" name="test_jwt_manager_create_and_verify_token" time="0.002" /><testcase classname="tests.unit.test_security_auth" name="test_jwt_manager_handles_invalid_tokens" time="0.001" /></testsuite></testsuites>